<?xml version="1.0" encoding="UTF-8"?>
<!-- Generated by org.testng.reporters.JUnitReportReporter -->
<testsuite hostname="pc-dell" failures="0" tests="1" name="com.qa.testng.NewTest" time="21.788" errors="0" timestamp="30 May 2023 05:19:18 GMT">
  <testcase classname="com.qa.testng.NewTest" name="openMyBlog" time="21.788"/>
</testsuite> <!-- com.qa.testng.NewTest -->
